0 info it worked if it ends with ok
1 verbose cli [ 'D:\\Programs\\Nodejs\\node.exe',
1 verbose cli   'D:\\Programs\\Nodejs\\node_modules\\npm\\bin\\npm-cli.js',
1 verbose cli   'run',
1 verbose cli   'sass' ]
2 info using npm@3.10.9
3 info using node@v6.9.2
4 verbose run-script [ 'presass', 'sass', 'postsass' ]
5 info lifecycle the-eddy-copy@1.0.0~presass: the-eddy-copy@1.0.0
6 silly lifecycle the-eddy-copy@1.0.0~presass: no script for presass, continuing
7 info lifecycle the-eddy-copy@1.0.0~sass: the-eddy-copy@1.0.0
8 verbose lifecycle the-eddy-copy@1.0.0~sass: unsafe-perm in lifecycle true
9 verbose lifecycle the-eddy-copy@1.0.0~sass: PATH: D:\Programs\Nodejs\node_modules\npm\bin\node-gyp-bin;D:\Code Stuff\the-eddy-copy\node_modules\.bin;C:\Users\krisg\bin;D:\Programs\Git\mingw64\bin;D:\Programs\Git\usr\local\bin;D:\Programs\Git\usr\bin;D:\Programs\Git\usr\bin;D:\Programs\Git\mingw64\bin;D:\Programs\Git\usr\bin;C:\Users\krisg\bin;C:\Windows\system32;C:\Windows;C:\Windows\System32\Wbem;C:\Windows\System32\WindowsPowerShell\v1.0;D:\Programs\Brackets\command;D:\Programs\Nodejs;D:\Programs\Git\cmd;C:\Program Files\MongoDB\Server\3.4\bin;C:\Ruby23-x64\bin;C:\Users\krisg\AppData\Local\Microsoft\WindowsApps;C:\Users\krisg\AppData\Roaming\npm;D:\Programs\Heroku\bin;D:\Programs\Git\usr\bin\vendor_perl;D:\Programs\Git\usr\bin\core_perl
10 verbose lifecycle the-eddy-copy@1.0.0~sass: CWD: D:\Code Stuff\the-eddy-copy
11 silly lifecycle the-eddy-copy@1.0.0~sass: Args: [ '/d /s /c', 'node-sass -w sass/ -o public/css/' ]
12 silly lifecycle the-eddy-copy@1.0.0~sass: Returned: code: 1  signal: null
13 info lifecycle the-eddy-copy@1.0.0~sass: Failed to exec sass script
14 verbose stack Error: the-eddy-copy@1.0.0 sass: `node-sass -w sass/ -o public/css/`
14 verbose stack Exit status 1
14 verbose stack     at EventEmitter.<anonymous> (D:\Programs\Nodejs\node_modules\npm\lib\utils\lifecycle.js:255:16)
14 verbose stack     at emitTwo (events.js:106:13)
14 verbose stack     at EventEmitter.emit (events.js:191:7)
14 verbose stack     at ChildProcess.<anonymous> (D:\Programs\Nodejs\node_modules\npm\lib\utils\spawn.js:40:14)
14 verbose stack     at emitTwo (events.js:106:13)
14 verbose stack     at ChildProcess.emit (events.js:191:7)
14 verbose stack     at maybeClose (internal/child_process.js:877:16)
14 verbose stack     at Process.ChildProcess._handle.onexit (internal/child_process.js:226:5)
15 verbose pkgid the-eddy-copy@1.0.0
16 verbose cwd D:\Code Stuff\the-eddy-copy
17 error Windows_NT 10.0.14393
18 error argv "D:\\Programs\\Nodejs\\node.exe" "D:\\Programs\\Nodejs\\node_modules\\npm\\bin\\npm-cli.js" "run" "sass"
19 error node v6.9.2
20 error npm  v3.10.9
21 error code ELIFECYCLE
22 error the-eddy-copy@1.0.0 sass: `node-sass -w sass/ -o public/css/`
22 error Exit status 1
23 error Failed at the the-eddy-copy@1.0.0 sass script 'node-sass -w sass/ -o public/css/'.
23 error Make sure you have the latest version of node.js and npm installed.
23 error If you do, this is most likely a problem with the the-eddy-copy package,
23 error not with npm itself.
23 error Tell the author that this fails on your system:
23 error     node-sass -w sass/ -o public/css/
23 error You can get information on how to open an issue for this project with:
23 error     npm bugs the-eddy-copy
23 error Or if that isn't available, you can get their info via:
23 error     npm owner ls the-eddy-copy
23 error There is likely additional logging output above.
24 verbose exit [ 1, true ]
